★ 重定向前述：
    文件描述    设备文件         说明
                /dev/null       不输出任何提示
    0           /dev/stdin      标准输入
    1           /dev/stdout     标准输出
    2           /dev/stderr     标准错误

1. 标准错误重定向 （2>&1）
    重定向标准输出到文件，这是一个很实用的操作，另一个很实用的操作是将标准错误重定向，标准输出和标准错误都被指向伪终端的屏幕显示，所以我们经常看到的一个命令的输出通常是同时包含了标准输出和标准错误的结果的。比如下面的操作：

    # 使用cat 命令同时读取两个文件，其中一个存在，另一个不存在
        $ cat Documents/test.c hello.c
    # 你可以看到除了正确输出了前一个文件的内容，还在末尾出现了一条错误信息
    # 下面我们将输出重定向到一个文件
        $ cat Documents/test.c hello.c > somefile

    上述的test.c可以正常执行的 - 标准输出 1 ，但是hello.c并不存在，- 标准错误 2；其中标准输出1可以被正常记录到somefile中，但是标准错误2不会被记录到somefile中并直接输出到屏幕

    # 将标准错误重定向到标准输出，再将标准输出重定向到文件，注意要将重定向到文件写到前面
        $ cat Documents/test.c hello.c >somefile  2>&1

    上述的 2>&1 表示：标准错误引用并重定向到标准输出，意思就是将标准输出、标准错误一起合并一起重定向到somefile中


2.tee
    # 将输出重定向到文件并且将信息打印到终端
        $ echo "hello world" | tee hello.txt  //向屏幕输出“hello world”的同时并且重定向到hello.txt




    




