★ 格式：
     .---------------- minute (0 - 59)
     |  .------------- hour (0 - 23)
     |  |  .---------- day of month (1 - 31)
     |  |  |  .------- month (1 - 12) OR jan,feb,mar,apr ...
     |  |  |  |  .---- day of week (0 - 6) (Sunday=0 or 7) OR sun,mon,tue,wed,thu,fri,sat
     |  |  |  |  |
     *  *  *  *  * user-name command to be executed


   基本格式 :
   *　　*　　*　　*　　*　　command
   分　时　日　月　周　命令

   第1列表示分钟1～59 每分钟用*或者 */1表示
   第2列表示小时1～23（0表示0点）
   第3列表示日期1～31
   第4列表示月份1～12
   第5列标识号星期0～6（0表示星期天）
   第6列要运行的命令


〓 实例：
    # 每天的 21:30 重启Apache
    $ 30 21 * * * /usr/local/etc/rc.d/lighttpd restart

    # 每月1、10、22日的4 : 45重启apache
    $ 45 4 1,10,22 * * /usr/local/etc/rc.d/lighttpd restart

    # 每周六、周日的1 : 10重启apache
    $ 10 1 * * 0,6 /usr/local/etc/rc.d/lighttpd restart

    # 每天18 : 00至23 : 00之间每隔30分钟重启apache
    $ 0,30 18-23 * * * /usr/local/etc/rc.d/lighttpd restart

    # 每星期六的11 : 00 pm重启apache
    $ 0 11 * * 6 /usr/local/etc/rc.d/lighrttpd restart

    # 每一小时重启apache
    $ * */1 * * * /usr/local/etc/rc.d/lighttpd restart

    # 晚上11点到早上7点之间，每隔一小时重启apache
    $ * 23-7/1 * * * /usr/local/etc/rc.d/lighttpd restart

    # 每月的4号与每周一到周三的11点重启apache
    $ 0 11 4 * 1-3 /usr/local/etc/rc.d/lighttpd restart

    # 一月一号的4点重启apache
    $ 0 4 1 1 * /usr/local/etc/rc.d/lighttpd restart




☰ 时程表的格式如下 :

    f1 f2 f3 f4 f5 program

    其中 f1 是表示分钟，f2 表示小时，f3 表示一个月份中的第几日，f4 表示月份，f5 表示一个星期中的第几天。program 表示要执行的程序。

    当 f1 为 * 时表示每分钟都要执行 program，f2 为 * 时表示每小时都要执行程序，其馀类推
    当 f1 为 a-b 时表示从第 a 分钟到第 b 分钟这段时间内要执行，f2 为 a-b 时表示从第 a 到第 b 小时都要执行，其馀类推
    当 f1 为 */n 时表示每 n 分钟个时间间隔执行一次，f2 为 */n 表示每 n 小时个时间间隔执行一次，其馀类推
    当 f1 为 a, b, c,... 时表示第 a, b, c,... 分钟要执行，f2 为 a, b, c,... 时表示第 a, b, c...个小时要执行，其馀类推

    使用者也可以将所有的设定先存放在档案 file 中，用 crontab file 的方式来设定时程表。

