1.FHS标准
    inux 的目录结构说复杂很复杂，说简单也很简单。复杂在于，因为系统的正常运行是以目录结构为基础的，对于初学者来说里面大部分目录都不知道其作用，重要与否，
    特别对于那些曾经的重度 Windows 用户，他们会纠结很长时间，关于我安装的软件在哪里这类问题。说它简单是因为，其中大部分目录结构是规定好了的（FHS 标准），是死的。

2. 目录路径

    $ cd -    # 进入上一次所在目录
    $ cd ~    # 进入当前用户的家目录

3.新建
    $ touch test
    $ mkdir mydir
    $ mkdir -p father/son/grandson      # 使用-p参数，同时创建多级目录（如果该父级目录不存在同时创建）

4.复制
    $ cp [-r / -R] test father/son/grandson       # 将test复制到father/son/grandson，加上-r或者-R表示递归复制

5.删除
    $ rm test       # 命令删除文件，会提示并让输入'y'
    $ rm -f test    # 删除，不用提示信息
    $ rm -r family  # 递归删除，需要加上 -r 或者 -R

6.文件移动与重命名
    $ mv file document

7.查看文件
    使用 cat ， tac 和 nl 命令查看文件
    前两个命令都是用来打印文件内容到标准输出（终端），其中 cat 为正序显示，tac 为倒序显示
    nl ：加上行号显示

    使用 more 和 less 分页显示
    $ more file     #   打开后默认只显示一屏内容，终端底部显示当前阅读的进度。可以使用 Enter 键向下滚动一行，使用 Space 键向下滚动一屏，按下 h 显示帮助，q 退出。

    head 和 tail 命令查看文件

    $ head(tail) file  # 从头（尾）查看文件
    $ head(tail) -n 100 file    # 从头（尾）查看文件 100 行


8.查看目录中文件最大（小）的文件
    $ du -s * | sort -nr // 查看大小并排序
    $ du -s * | sort -nr | head //查看最大的前十个文件
    $ du -s * | sort -nr | tail //产看最小的前十个文件
    ▶ 注意：h参数不能加，不能用-sh，只能用-s，否则排序不正常

