1.查看用户
    ◆ 当前用户为：cc
    $ whoami   # cc
    $ who am i  #   cc    pts/1        2018-04-25 08:56 (218.104.71.178)

    who其他参数：
        -m      同who am i 或 who mom likes
        -a      打印全部的可打印信息
        -d      打印死掉的进程
        -q      打印当前的登录用户数和用户名
                   cc
                   # users=1
        -u      打印当前登录用户的登录信息
                    cc    pts/1        2018-04-25 08:56   .         15193 (218.104.71.178)
        -r      打印运行等级

2.创建用户
    在 Linux 系统里， root 账户拥有整个系统至高无上的权利，比如 新建/添加 用户。
    root 权限，系统权限的一种，与 SYSTEM 权限可以理解成一个概念，但高于 Administrator 权限，root 是 Linux 和 UNIX 系统中的超级管理员用户帐户，
    该帐户拥有整个系统至高无上的权力，所有对象他都可以操作，所以很多黑客在入侵系统的时候，都要把权限提升到 root 权限，
    用 Windows 的方法理解也就是将自己的非法帐户添加到 Administrators 用户组。
    更比如安卓操作系统中（基于 Linux 内核）获得 root 权限之后就意味着已经获得了手机的最高权限，这时候你可以对手机中的任何文件（包括系统文件）执行所有增、删、改、查的操作。

    我们一般登录系统时都是以普通账户的身份登录的，要创建用户需要 root 权限，这里就要用到 sudo 这个命令了。
    不过使用这个命令有两个大前提，一是你要知道当前登录用户的密码，二是当前用户必须在 sudo 用户组。

    su,su-与sudo

    $ su <user> 可以切换到用户user，需要输入目标用户密码；
    $ sudo <cmd> 可以以特权级别运行cmd命令，需要当前用户属于sudo组，且需要输入当前用户的密码；
    $ us - <user>命令也是切换用户，同时环境变量也会跟着改变成目标用户的环境标量。
    $ su -l cc    # 输入cc的密码即可切换到cc用户下
    $ sudo useradd curry # 创建一个用户curry，输入密码之后，会自动创建 /home/curry文件夹

    ★ usermod

        参数：
            -a|--append     ##把用户追加到某些组中，仅与-G选项一起使用
            -c|--comment    ##修改/etc/passwd文件第五段comment
            -d|--home       ##修改用户的家目录通常和-m选项一起使用
            -e|--expiredate ##指定用户帐号禁用的日期，格式YY-MM-DD
            -f|--inactive   ##用户密码过期多少天后采用就禁用该帐号，0表示密码已过期就禁用帐号，-1表示禁用此功能，默认值是-1
            -g|--gid        ##修改用户的gid，改组一定存在
            -G|--groups     ##把用户追加到某些组中，仅与-a选项一起使用
            -l|--login      ##修改用户的登录名称
            -L|--lock       ##锁定用户的密码
            -m|--move-home  ##修改用户的家目录通常和-d选项一起使用
            -s|--shell      ##修改用户的shell
            -u|--uid        ##修改用户的uid，该uid必须唯一
            -U|--unlock     ##解锁用户的密码

        示例：
            1.新建用户test，密码test，另外添加usertest组
                $ useradd test
                $ passwd test   #输入密码
                $ groupadd usertest
            2.把test用户组加入到usertest组
                $ usermod -[a]G usertest test   # usermod -[a]Groups 目标组名 组名
            3.修改test用户的家目录
                $ usermod -[m]d /home/usertest test     # usermod -move-directory 家目录 用户名
            4.修改用户名
                $ usermod -l testnew test       # usermod -login 新名字 旧名字
            5.锁定testnew的密码
                $ usermod -L testnew            # usermod -Lock 用户名
            6.解锁testnew的密码
                $ usermod -U testnew            # usermod -Unlock 用户名
            7.修改用户的shell
                $ usermod -s /bin/sh testnew    # usermod -shell shell目录 用户名
            8.修改用户的uid
                $ usermod -u 9527 testnew       # usermod -uid 新用户编号   用户名
            9.修改用户的组编号gid
                $ usermod -g 5007 testnew       # usermod -group 组编号 用户名 （其中组id必须要存在，可以先id test查看test用户的各个id信息）
            10.修改账号的过期日期
                $  usermod -e 2018-04-26 testnew    # usermod -expire YYYY-MM-DD 用户名

3.用户组
    在 Linux 里面每个用户都有一个归属（用户组），用户组简单地理解就是一组用户的集合，它们共享一些资源和权限，同时拥有私有资源，就跟家的形式差不多，
    你的兄弟姐妹（不同的用户）属于同一个家（用户组），你们可以共同拥有这个家（共享资源），爸妈对待你们都一样（共享权限），你偶尔写写日记，
    其他人未经允许不能查看（私有资源和权限）。当然一个用户是可以属于多个用户组的，正如你既属于家庭，又属于学校或公司。

    █ 使用groups命令
        $ groups cc    # cc：cc  表示cc属于cc用户的cc组，每次新建用户如果不指定用户组的话，默认会自动创建一个与用户名相同的用户组（差不多就相当于家长的意思，或者说是老总）。

    █ 查看/etc/group文件
    $ cat -n /etc/group | sort  #| sort 表示将读取的文本进行一个字典排序再输出
    $ cat -n /etc/group | grep -E "cc"  # 过滤，只查看cc组的信息
        看到：hijoy:x:501:   其中x表示密码不可见（group_name:password:GID:user_list）





